[debug] > Exec(early(addDefaultCommands), None, None)
[debug] > Exec(addDefaultCommands, None, None)
[debug] > Exec(early(initialize), None, None)
[debug] > Exec(initialize, None, None)
[debug] > Exec(boot, None, None)
[debug] > Exec(writeSbtVersion, None, None)
[debug] > Exec(reload, None, None)
[debug] > Exec(sbtStashOnFailure, None, None)
[debug] > Exec(onFailure loadFailed, None, None)
[debug] > Exec(loadp, None, None)
[info] welcome to sbt 1.4.7 (AdoptOpenJDK Java 11.0.9.1)
[debug]       Load.loadUnit: plugins took 338.9514ms
[debug]       Load.loadUnit: defsScala took 0.5602ms
[debug] [Loading] Scanning directory C:\Users\1\.sbt\1.0\plugins
[debug] [Loading] Found non-root projects 
[debug] [Loading] Done in C:\Users\1\.sbt\1.0\plugins, returning: ()
[debug] deducing auto plugins based on known facts Set(Atom(sbt.plugins.CorePlugin)) and clauses Clauses(List(Clause(Atom(sbt.plugins.JvmPlugin),Set(Atom(sbt.plugins.IvyPlugin))), Clause(Atom(sbt.ScriptedPlugin),Set(Atom(sbt.plugins.JvmPlugin))), Clause(Atom(sbt.plugins.SbtPlugin),Set(Atom(sbt.ScriptedPlugin))), Clause(Atom(sbt.plugins.SemanticdbPlugin),Set(Atom(sbt.plugins.JvmPlugin))), Clause(Atom(sbt.plugins.JUnitXmlReportPlugin),Set(Atom(sbt.plugins.JvmPlugin))), Clause(Atom(sbt.plugins.MiniDependencyTreePlugin),Set(Atom(sbt.plugins.JvmPlugin))), Clause(Atom(sbt.plugins.CorePlugin),Set(Atom(sbt.plugins.IvyPlugin))), Clause(Atom(sbt.plugins.IvyPlugin),Set(Atom(sbt.plugins.JvmPlugin))), Clause(Atom(sbt.plugins.JvmPlugin),Set(Atom(sbt.plugins.SemanticdbPlugin))), Clause(Atom(sbt.plugins.JvmPlugin),Set(Atom(sbt.plugins.JUnitXmlReportPlugin))), Clause(Atom(sbt.plugins.CorePlugin),Set(Atom(sbt.plugins.Giter8TemplatePlugin))), Clause(Atom(sbt.plugins.JvmPlugin),Set(Atom(sbt.plugins.MiniDependencyTreePlugin)))))
[debug]   :: deduced result: Matched(sbt.plugins.CorePlugin,sbt.plugins.Giter8TemplatePlugin,sbt.plugins.IvyPlugin,sbt.plugins.JvmPlugin,sbt.plugins.MiniDependencyTreePlugin,sbt.plugins.JUnitXmlReportPlugin,sbt.plugins.SemanticdbPlugin)
[debug] Plugins.deducer#function took 46.7827 ms
[debug]           Load.resolveProject(global-plugins) took 130.3922ms
[debug]         Load.loadTransitive: finalizeProject(Project(id global-plugins, base: C:\Users\1\.sbt\1.0\plugins, plugins: List(<none>))) took 234.2163ms
[debug] [Loading] Done in C:\Users\1\.sbt\1.0\plugins, returning: (global-plugins)
[debug]       Load.loadUnit: loadedProjectsRaw took 308.8115ms
[debug]       Load.loadUnit: cleanEvalClasses took 0.7348ms
[debug]     Load.loadUnit(file:/C:/Users/1/.sbt/1.0/plugins/, ...) took 675.0835ms
[debug]   Load.apply: load took 1532.209ms
[debug]   Load.apply: resolveProjects took 14.7364ms
[debug]   Load.apply: finalTransforms took 464.4014ms
[debug]   Load.apply: config.delegates took 167.3354ms
[debug]   Load.apply: Def.make(settings)... took 4886.5915ms
[debug]   Load.apply: structureIndex took 1214.6631ms
[debug]   Load.apply: mkStreams took 14.7914ms
[info] loading global plugins from C:\Users\1\.sbt\1.0\plugins
[debug] Running task... Cancel: Signal, check cycles: false, forcegc: true
[debug] Load.defaultLoad until apply took 25192.0803ms
[debug]           Load.loadUnit: plugins took 71.9709ms
[debug]           Load.loadUnit: defsScala took 0.008ms
[debug] [Loading] Scanning directory C:\scala\WebApi\JsonExamples\project
[debug] [Loading] Found non-root projects 
[debug] [Loading] Done in C:\scala\WebApi\JsonExamples\project, returning: ()
[debug] deducing auto plugins based on known facts Set(Atom(sbt.plugins.CorePlugin)) and clauses Clauses(List(Clause(Atom(sbt.plugins.JvmPlugin),Set(Atom(sbt.plugins.IvyPlugin))), Clause(Atom(sbt.ScriptedPlugin),Set(Atom(sbt.plugins.JvmPlugin))), Clause(Atom(sbt.plugins.SbtPlugin),Set(Atom(sbt.ScriptedPlugin))), Clause(Atom(sbt.plugins.SemanticdbPlugin),Set(Atom(sbt.plugins.JvmPlugin))), Clause(Atom(sbt.plugins.JUnitXmlReportPlugin),Set(Atom(sbt.plugins.JvmPlugin))), Clause(Atom(sbt.plugins.MiniDependencyTreePlugin),Set(Atom(sbt.plugins.JvmPlugin))), Clause(Atom(sbt.plugins.CorePlugin),Set(Atom(sbt.plugins.IvyPlugin))), Clause(Atom(sbt.plugins.IvyPlugin),Set(Atom(sbt.plugins.JvmPlugin))), Clause(Atom(sbt.plugins.JvmPlugin),Set(Atom(sbt.plugins.SemanticdbPlugin))), Clause(Atom(sbt.plugins.JvmPlugin),Set(Atom(sbt.plugins.JUnitXmlReportPlugin))), Clause(Atom(sbt.plugins.CorePlugin),Set(Atom(sbt.plugins.Giter8TemplatePlugin))), Clause(Atom(sbt.plugins.JvmPlugin),Set(Atom(sbt.plugins.MiniDependencyTreePlugin)))))
[debug]   :: deduced result: Matched(sbt.plugins.CorePlugin,sbt.plugins.Giter8TemplatePlugin,sbt.plugins.IvyPlugin,sbt.plugins.JvmPlugin,sbt.plugins.MiniDependencyTreePlugin,sbt.plugins.JUnitXmlReportPlugin,sbt.plugins.SemanticdbPlugin)
[debug] Plugins.deducer#function took 4.9831 ms
[debug]               Load.resolveProject(jsonexamples-build) took 1.6405ms
[debug]             Load.loadTransitive: finalizeProject(Project(id jsonexamples-build, base: C:\scala\WebApi\JsonExamples\project, plugins: List(<none>))) took 7.9431ms
[debug] [Loading] Done in C:\scala\WebApi\JsonExamples\project, returning: (jsonexamples-build)
[debug]           Load.loadUnit: loadedProjectsRaw took 11.6519ms
[debug]           Load.loadUnit: cleanEvalClasses took 0.0283ms
[debug]         Load.loadUnit(file:/C:/scala/WebApi/JsonExamples/project/, ...) took 85.8466ms
[debug]       Load.apply: load took 89.7572ms
[debug]       Load.apply: resolveProjects took 0.5035ms
[debug]       Load.apply: finalTransforms took 19.7001ms
[debug]       Load.apply: config.delegates took 2.2717ms
[debug]       Load.apply: Def.make(settings)... took 468.1263ms
[debug]       Load.apply: structureIndex took 109.2743ms
[debug]       Load.apply: mkStreams took 0.0043ms
[info] loading project definition from C:\scala\WebApi\JsonExamples\project
[debug] Running task... Cancel: Signal, check cycles: false, forcegc: true
[debug]     Load.loadUnit: plugins took 2063.7091ms
[debug]     Load.loadUnit: defsScala took 0.0112ms
[debug] [Loading] Scanning directory C:\scala\WebApi\JsonExamples
[debug]       Load.loadUnit: mkEval took 13.5486ms
[debug] [Loading] Found non-root projects 
[debug] [Loading] Done in C:\scala\WebApi\JsonExamples, returning: ()
[debug] deducing auto plugins based on known facts Set(Atom(sbt.plugins.CorePlugin)) and clauses Clauses(List(Clause(Atom(sbt.plugins.JvmPlugin),Set(Atom(sbt.plugins.IvyPlugin))), Clause(Atom(sbt.ScriptedPlugin),Set(Atom(sbt.plugins.JvmPlugin))), Clause(Atom(sbt.plugins.SbtPlugin),Set(Atom(sbt.ScriptedPlugin))), Clause(Atom(sbt.plugins.SemanticdbPlugin),Set(Atom(sbt.plugins.JvmPlugin))), Clause(Atom(sbt.plugins.JUnitXmlReportPlugin),Set(Atom(sbt.plugins.JvmPlugin))), Clause(Atom(sbt.plugins.MiniDependencyTreePlugin),Set(Atom(sbt.plugins.JvmPlugin))), Clause(Atom(sbt.plugins.CorePlugin),Set(Atom(sbt.plugins.IvyPlugin))), Clause(Atom(sbt.plugins.IvyPlugin),Set(Atom(sbt.plugins.JvmPlugin))), Clause(Atom(sbt.plugins.JvmPlugin),Set(Atom(sbt.plugins.SemanticdbPlugin))), Clause(Atom(sbt.plugins.JvmPlugin),Set(Atom(sbt.plugins.JUnitXmlReportPlugin))), Clause(Atom(sbt.plugins.CorePlugin),Set(Atom(sbt.plugins.Giter8TemplatePlugin))), Clause(Atom(sbt.plugins.JvmPlugin),Set(Atom(sbt.plugins.MiniDependencyTreePlugin)))))
[debug]   :: deduced result: Matched(sbt.plugins.CorePlugin,sbt.plugins.Giter8TemplatePlugin,sbt.plugins.IvyPlugin,sbt.plugins.JvmPlugin,sbt.plugins.MiniDependencyTreePlugin,sbt.plugins.JUnitXmlReportPlugin,sbt.plugins.SemanticdbPlugin)
[debug] Plugins.deducer#function took 3.4003 ms
[info] loading settings for project jsonexamples from build.sbt ...
[debug]         Load.resolveProject(jsonexamples) took 22.0742ms
[debug]       Load.loadTransitive: finalizeProject(Project(id jsonexamples, base: C:\scala\WebApi\JsonExamples, plugins: List(<none>))) took 29.9075ms
[debug] [Loading] Done in C:\scala\WebApi\JsonExamples, returning: (jsonexamples)
[debug]     Load.loadUnit: loadedProjectsRaw took 9199.2859ms
[debug]     Load.loadUnit: cleanEvalClasses took 18.8322ms
[debug]   Load.loadUnit(file:/C:/scala/WebApi/JsonExamples/, ...) took 11283.8476ms
[debug] Load.apply: load took 11297.2279ms
[debug] Load.apply: resolveProjects took 0.2652ms
[debug] Load.apply: finalTransforms took 22.4373ms
[debug] Load.apply: config.delegates took 1.9412ms
[debug] Load.apply: Def.make(settings)... took 244.8584ms
[debug] Load.apply: structureIndex took 58.9818ms
[debug] Load.apply: mkStreams took 0.0054ms
[info] set current project to JsonExamples (in build file:/C:/scala/WebApi/JsonExamples/)
[debug] > Exec(sbtPopOnFailure, None, None)
[debug] > Exec(resumeFromFailure, None, None)
[debug] > Exec(notifyUsersAboutShell, None, None)
[debug] > Exec(iflast shell, None, None)
[debug] > Exec(shell, None, None)
[info] sbt server started at local:sbt-server-e59baee3242544e31ae7
[info] started sbt server
