[debug] > Exec(early(addDefaultCommands), None, None)
[debug] > Exec(addDefaultCommands, None, None)
[debug] > Exec(early(initialize), None, None)
[debug] > Exec(initialize, None, None)
[debug] > Exec(boot, None, None)
[debug] > Exec(writeSbtVersion, None, None)
[debug] > Exec(reload, None, None)
[debug] > Exec(sbtStashOnFailure, None, None)
[debug] > Exec(onFailure loadFailed, None, None)
[debug] > Exec(loadp, None, None)
[info] welcome to sbt 1.4.3 (AdoptOpenJDK Java 11.0.9.1)
[debug]       Load.loadUnit: plugins took 241.7163ms
[debug]       Load.loadUnit: defsScala took 0.7158ms
[debug] [Loading] Scanning directory C:\Users\1\.sbt\1.0\plugins
[debug] [Loading] Found non-root projects 
[debug] [Loading] Done in C:\Users\1\.sbt\1.0\plugins, returning: ()
[debug] deducing auto plugins based on known facts Set(Atom(sbt.plugins.CorePlugin)) and clauses Clauses(List(Clause(Atom(sbt.plugins.JvmPlugin),Set(Atom(sbt.plugins.IvyPlugin))), Clause(Atom(sbt.ScriptedPlugin),Set(Atom(sbt.plugins.JvmPlugin))), Clause(Atom(sbt.plugins.SbtPlugin),Set(Atom(sbt.ScriptedPlugin))), Clause(Atom(sbt.plugins.SemanticdbPlugin),Set(Atom(sbt.plugins.JvmPlugin))), Clause(Atom(sbt.plugins.JUnitXmlReportPlugin),Set(Atom(sbt.plugins.JvmPlugin))), Clause(Atom(sbt.plugins.MiniDependencyTreePlugin),Set(Atom(sbt.plugins.JvmPlugin))), Clause(Atom(sbt.plugins.CorePlugin),Set(Atom(sbt.plugins.IvyPlugin))), Clause(Atom(sbt.plugins.IvyPlugin),Set(Atom(sbt.plugins.JvmPlugin))), Clause(Atom(sbt.plugins.JvmPlugin),Set(Atom(sbt.plugins.SemanticdbPlugin))), Clause(Atom(sbt.plugins.JvmPlugin),Set(Atom(sbt.plugins.JUnitXmlReportPlugin))), Clause(Atom(sbt.plugins.CorePlugin),Set(Atom(sbt.plugins.Giter8TemplatePlugin))), Clause(Atom(sbt.plugins.JvmPlugin),Set(Atom(sbt.plugins.MiniDependencyTreePlugin)))))
[debug]   :: deduced result: Matched(sbt.plugins.CorePlugin,sbt.plugins.Giter8TemplatePlugin,sbt.plugins.IvyPlugin,sbt.plugins.JvmPlugin,sbt.plugins.MiniDependencyTreePlugin,sbt.plugins.JUnitXmlReportPlugin,sbt.plugins.SemanticdbPlugin)
[debug] Plugins.deducer#function took 69.7311 ms
[debug]           Load.resolveProject(global-plugins) took 93.3187ms
[debug]         Load.loadTransitive: finalizeProject(Project(id global-plugins, base: C:\Users\1\.sbt\1.0\plugins, plugins: List(<none>))) took 213.6097ms
[debug] [Loading] Done in C:\Users\1\.sbt\1.0\plugins, returning: (global-plugins)
[debug]       Load.loadUnit: loadedProjectsRaw took 257.7576ms
[debug]       Load.loadUnit: cleanEvalClasses took 0.7529ms
[debug]     Load.loadUnit(file:/C:/Users/1/.sbt/1.0/plugins/, ...) took 521.3377ms
[debug]   Load.apply: load took 937.1229ms
[debug]   Load.apply: resolveProjects took 14.6486ms
[debug]   Load.apply: finalTransforms took 125.0887ms
[debug]   Load.apply: config.delegates took 18.5386ms
[debug]   Load.apply: Def.make(settings)... took 2650.4016ms
[debug]   Load.apply: structureIndex took 263.0345ms
[debug]   Load.apply: mkStreams took 3.0422ms
[info] loading global plugins from C:\Users\1\.sbt\1.0\plugins
[debug] Running task... Cancel: Signal, check cycles: false, forcegc: true
[debug] Load.defaultLoad until apply took 12222.7016ms
[debug]           Load.loadUnit: plugins took 43.8787ms
[debug]           Load.loadUnit: defsScala took 0.0057ms
[debug] [Loading] Scanning directory C:\scala\WebApiFirst\project
[debug]             Load.loadUnit: mkEval took 10.4537ms
[debug] [Loading] Found non-root projects 
[debug] [Loading] Done in C:\scala\WebApiFirst\project, returning: ()
[debug] deducing auto plugins based on known facts Set(Atom(sbt.plugins.CorePlugin)) and clauses Clauses(List(Clause(Atom(sbt.plugins.JvmPlugin),Set(Atom(sbt.plugins.IvyPlugin))), Clause(Atom(sbt.ScriptedPlugin),Set(Atom(sbt.plugins.JvmPlugin))), Clause(Atom(sbt.plugins.SbtPlugin),Set(Atom(sbt.ScriptedPlugin))), Clause(Atom(sbt.plugins.SemanticdbPlugin),Set(Atom(sbt.plugins.JvmPlugin))), Clause(Atom(sbt.plugins.JUnitXmlReportPlugin),Set(Atom(sbt.plugins.JvmPlugin))), Clause(Atom(sbt.plugins.MiniDependencyTreePlugin),Set(Atom(sbt.plugins.JvmPlugin))), Clause(Atom(sbt.plugins.CorePlugin),Set(Atom(sbt.plugins.IvyPlugin))), Clause(Atom(sbt.plugins.IvyPlugin),Set(Atom(sbt.plugins.JvmPlugin))), Clause(Atom(sbt.plugins.JvmPlugin),Set(Atom(sbt.plugins.SemanticdbPlugin))), Clause(Atom(sbt.plugins.JvmPlugin),Set(Atom(sbt.plugins.JUnitXmlReportPlugin))), Clause(Atom(sbt.plugins.CorePlugin),Set(Atom(sbt.plugins.Giter8TemplatePlugin))), Clause(Atom(sbt.plugins.JvmPlugin),Set(Atom(sbt.plugins.MiniDependencyTreePlugin)))))
[debug]   :: deduced result: Matched(sbt.plugins.CorePlugin,sbt.plugins.Giter8TemplatePlugin,sbt.plugins.IvyPlugin,sbt.plugins.JvmPlugin,sbt.plugins.MiniDependencyTreePlugin,sbt.plugins.JUnitXmlReportPlugin,sbt.plugins.SemanticdbPlugin)
[debug] Plugins.deducer#function took 2.831 ms
[info] loading settings for project webapifirst-build from plugins.sbt ...
[debug]               Load.resolveProject(webapifirst-build) took 7.1543ms
[debug]             Load.loadTransitive: finalizeProject(Project(id webapifirst-build, base: C:\scala\WebApiFirst\project, plugins: List(<none>))) took 11.1505ms
[debug] [Loading] Done in C:\scala\WebApiFirst\project, returning: (webapifirst-build)
[debug]           Load.loadUnit: loadedProjectsRaw took 3743.1441ms
[debug]           Load.loadUnit: cleanEvalClasses took 19.6592ms
[debug]         Load.loadUnit(file:/C:/scala/WebApiFirst/project/, ...) took 3808.083ms
[debug]       Load.apply: load took 3810.9889ms
[debug]       Load.apply: resolveProjects took 0.2217ms
[debug]       Load.apply: finalTransforms took 16.6774ms
[debug]       Load.apply: config.delegates took 0.5326ms
[debug]       Load.apply: Def.make(settings)... took 145.3823ms
[debug]       Load.apply: structureIndex took 47.274ms
[debug]       Load.apply: mkStreams took 0.0039ms
[info] loading project definition from C:\scala\WebApiFirst\project
[debug] Running task... Cancel: Signal, check cycles: false, forcegc: true
